============================= test session starts ==============================
platform linux -- Python 3.12.3, pytest-9.0.3, pluggy-1.6.0 -- /usr/bin/python3
cachedir: .pytest_cache
rootdir: /home/hs/workspace/opencode/switchP
configfile: pytest.ini
plugins: anyio-4.12.1
collecting ... collected 30 items

tests/test_guardrails.py::TestGuardrails::test_safe_command_returns_allowed PASSED [  3%]
tests/test_guardrails.py::TestGuardrails::test_blocked_command_reload_is_blocked PASSED [  6%]
tests/test_guardrails.py::TestGuardrails::test_blocked_command_write_erase_is_blocked PASSED [ 10%]
tests/test_guardrails.py::TestGuardrails::test_blocked_command_with_argument_is_blocked PASSED [ 13%]
tests/test_guardrails.py::TestGuardrails::test_confirmation_required_command_shutdown_requires_confirm PASSED [ 16%]
tests/test_guardrails.py::TestGuardrails::test_confirmation_required_command_with_args_requires_confirm PASSED [ 20%]
tests/test_guardrails.py::TestGuardrails::test_confirmed_command_gets_allowed PASSED [ 23%]
tests/test_guardrails.py::TestGuardrails::test_detect_credential_prompt_username PASSED [ 26%]
tests/test_guardrails.py::TestGuardrails::test_detect_credential_prompt_password PASSED [ 30%]
tests/test_guardrails.py::TestGuardrails::test_detect_no_credential_prompt_in_normal_output PASSED [ 33%]
tests/test_guardrails.py::TestGuardrails::test_case_insensitive_checking PASSED [ 36%]
tests/test_guardrails.py::TestGuardrails::test_empty_command_is_safe PASSED [ 40%]
tests/test_guardrails.py::TestGuardrails::test_show_running_config_is_safe PASSED [ 43%]
tests/test_session_manager.py::TestSessionManager::test_create_session_returns_session PASSED [ 46%]
tests/test_session_manager.py::TestSessionManager::test_get_session_raises_for_nonexistent_client PASSED [ 50%]
tests/test_session_manager.py::TestSessionManager::test_close_session_removes_session PASSED [ 53%]
tests/test_session_manager.py::TestSessionManager::test_session_isolation PASSED [ 56%]
tests/test_session_manager.py::TestSessionManager::test_thread_safety_create_session PASSED [ 60%]
tests/test_session_manager.py::TestSessionManager::test_per_session_locking_queues_commands PASSED [ 63%]
tests/test_session_manager.py::TestSessionManager::test_with_session_lock_returns_result PASSED [ 66%]
tests/test_session_manager.py::TestSessionManager::test_with_session_lock_propagates_exception PASSED [ 70%]
tests/test_state_machine.py::TestDeviceSessionState::test_initial_state_is_disconnected PASSED [ 73%]
tests/test_state_machine.py::TestDeviceSessionState::test_disconnected_to_connecting_is_allowed PASSED [ 76%]
tests/test_state_machine.py::TestDeviceSessionState::test_disconnected_to_authenticated_is_rejected PASSED [ 80%]
tests/test_state_machine.py::TestDeviceSessionState::test_any_state_can_transition_to_error PASSED [ 83%]
tests/test_state_machine.py::TestDeviceSessionState::test_error_can_transition_back_to_disconnected PASSED [ 86%]
tests/test_state_machine.py::TestDeviceSessionState::test_normal_flow_works_correctly PASSED [ 90%]
tests/test_state_machine.py::TestDeviceSessionState::test_set_credentials_stores_correctly PASSED [ 93%]
tests/test_state_machine.py::TestDeviceSessionState::test_prompt_patterns_stored_correctly PASSED [ 96%]
tests/test_state_machine.py::TestDeviceSessionState::test_last_output_updated_correctly PASSED [100%]

============================== 30 passed in 0.13s ==============================
